<?xml version="1.0" encoding="UTF-8"?>
<!-- Generated by org.testng.reporters.JUnitReportReporter -->
<testsuite hostname="LAPTOP-991QHS6C" failures="0" tests="1" name="restassured_bdd.DeleteAnEmployee" time="1.987" errors="0" timestamp="2024-05-07T18:55:19 IST" skipped="0">
  <testcase classname="restassured_bdd.DeleteAnEmployee" name="deleteAnEmployee" time="1.987"/>
  <system-out/>
</testsuite> <!-- restassured_bdd.DeleteAnEmployee -->
