<?xml version="1.0" encoding="UTF-8"?>
<!-- Generated by org.testng.reporters.JUnitReportReporter -->
<testsuite hostname="LAPTOP-991QHS6C" failures="0" tests="1" name="restassured_nonbdd.UpdateAnEmployee" time="2.040" errors="0" timestamp="2024-05-07T18:25:56 IST" skipped="0">
  <testcase classname="restassured_nonbdd.UpdateAnEmployee" name="updateAnEmployee" time="2.040"/>
  <system-out/>
</testsuite> <!-- restassured_nonbdd.UpdateAnEmployee -->
