<?xml version="1.0" encoding="UTF-8"?>
<!-- Generated by org.testng.reporters.JUnitReportReporter -->
<testsuite hostname="LAPTOP-991QHS6C" failures="0" tests="1" name="restassured_nonbdd.DeleteAnEmployee" time="2.006" errors="0" timestamp="2024-05-07T18:30:13 IST" skipped="0">
  <testcase classname="restassured_nonbdd.DeleteAnEmployee" name="deleteAnEmployee" time="2.006"/>
  <system-out/>
</testsuite> <!-- restassured_nonbdd.DeleteAnEmployee -->
