<?xml version="1.0" encoding="UTF-8"?>
<!-- Generated by org.testng.reporters.JUnitReportReporter -->
<testsuite hostname="LAPTOP-991QHS6C" failures="0" tests="1" name="restassured_nonbdd.GetAllEmployees" time="3.350" errors="0" timestamp="2024-05-07T16:51:52 IST" skipped="0">
  <testcase classname="restassured_nonbdd.GetAllEmployees" name="getAllEmployees" time="3.350"/>
  <system-out/>
</testsuite> <!-- restassured_nonbdd.GetAllEmployees -->
