<?xml version="1.0" encoding="UTF-8"?>
<!-- Generated by org.testng.reporters.JUnitReportReporter -->
<testsuite hostname="LAPTOP-991QHS6C" failures="0" tests="2" name="restassured_bdd.RestAssuredJsonSchemaValidation" time="3.293" errors="0" timestamp="2024-05-07T22:24:12 IST" skipped="1">
  <testcase classname="restassured_bdd.RestAssuredJsonSchemaValidation" name="vaidationUsingMatchesJsonSchema" time="3.293"/>
  <system-out/>
  <testcase classname="restassured_bdd.RestAssuredJsonSchemaValidation" name="validationUsingJsonSchemaInClassPath">
    <skipped/>
  </testcase> <!-- validationUsingJsonSchemaInClassPath -->
  <system-out/>
</testsuite> <!-- restassured_bdd.RestAssuredJsonSchemaValidation -->
