<?xml version="1.0" encoding="UTF-8"?>
<!-- Generated by org.testng.reporters.JUnitReportReporter -->
<testsuite hostname="LAPTOP-991QHS6C" failures="0" tests="2" name="restassured_bdd.RequestSpecificationExample" time="1.911" errors="0" timestamp="2024-05-08T21:34:24 IST" skipped="0">
  <testcase classname="restassured_bdd.RequestSpecificationExample" name="getAllEmployees" time="1.703"/>
  <system-out/>
  <testcase classname="restassured_bdd.RequestSpecificationExample" name="getAnEmployee" time="0.208"/>
  <system-out/>
</testsuite> <!-- restassured_bdd.RequestSpecificationExample -->
