<?xml version="1.0" encoding="UTF-8"?>
<!-- Generated by org.testng.reporters.JUnitReportReporter -->
<testsuite hostname="LAPTOP-991QHS6C" failures="0" tests="1" name="restassured_bdd.HamcrestJsonSchemaValidation" time="0.633" errors="0" timestamp="2024-05-08T15:44:13 IST" skipped="0">
  <testcase classname="restassured_bdd.HamcrestJsonSchemaValidation" name="validateJsonSchema" time="0.633"/>
  <system-out/>
</testsuite> <!-- restassured_bdd.HamcrestJsonSchemaValidation -->
