<?xml version="1.0" encoding="UTF-8"?>
<!-- Generated by org.testng.reporters.JUnitReportReporter -->
<testsuite hostname="LAPTOP-991QHS6C" failures="0" tests="1" name="restassured_bdd.GetAllEmployees" time="1.642" errors="0" timestamp="2024-05-07T18:37:05 IST" skipped="0">
  <testcase classname="restassured_bdd.GetAllEmployees" name="getAllEmployees" time="1.642"/>
  <system-out/>
</testsuite> <!-- restassured_bdd.GetAllEmployees -->
