<?xml version="1.0" encoding="UTF-8"?>
<!-- Generated by org.testng.reporters.JUnitReportReporter -->
<testsuite hostname="LAPTOP-991QHS6C" failures="0" tests="1" name="restassured_bdd.NetworkNtJsonSchemaValidator" time="0.386" errors="0" timestamp="2024-05-08T15:34:52 IST" skipped="0">
  <testcase classname="restassured_bdd.NetworkNtJsonSchemaValidator" name="validateJsonScehmaValidation" time="0.386"/>
  <system-out/>
</testsuite> <!-- restassured_bdd.NetworkNtJsonSchemaValidator -->
