<?xml version="1.0" encoding="UTF-8"?>
<!-- Generated by org.testng.reporters.JUnitReportReporter -->
<testsuite hostname="LAPTOP-991QHS6C" failures="0" tests="1" name="restassured_bdd.Serialization" time="3.343" errors="0" timestamp="2024-05-07T21:35:21 IST" skipped="0">
  <testcase classname="restassured_bdd.Serialization" name="serialization" time="3.343"/>
  <system-out/>
</testsuite> <!-- restassured_bdd.Serialization -->
